2020-07-04 19:38:02,835 INFO main letsCucumber - *****opening url****
2020-07-04 19:38:02,848 INFO main letsCucumber - ***verifying homepage ****
2020-07-04 19:38:06,373 INFO main letsCucumber - *****opening url****
2020-07-05 12:09:06,796 INFO main letsCucumber - ****opening url****
2020-07-05 12:09:06,808 INFO main letsCucumber - ***verifying homepage ****
2020-07-05 12:09:14,540 INFO main letsCucumber - *****opening url****
2020-07-05 12:09:14,544 INFO main letsCucumber - *** user clicks on signin page***
2020-07-05 12:09:16,907 INFO main letsCucumber - ***user verify login page title***
2020-07-05 14:38:58,337 INFO main letsCucumber - *****opening url****
2020-07-05 14:38:58,365 INFO main letsCucumber - ***verifying homepage ****
2020-07-05 14:39:07,669 INFO main letsCucumber - *****opening url****
2020-07-05 14:39:07,675 INFO main letsCucumber - *** user clicks on signin page***
2020-07-05 14:39:11,766 INFO main letsCucumber - ***user verify login page title***
2020-07-05 15:31:01,501 INFO main letsCucumber - *****opening url****
2020-07-05 15:31:01,553 INFO main letsCucumber - ***verifying homepage ****
2020-07-05 15:31:05,077 INFO main letsCucumber - *****opening url****
2020-07-05 15:31:05,081 INFO main letsCucumber - *** user clicks on signin page***
2020-07-05 15:31:09,175 INFO main letsCucumber - ***user verify login page title***
2020-07-05 15:38:03,490 INFO main letsCucumber - *****opening url****
2020-07-05 15:38:03,510 INFO main letsCucumber - ***verifying homepage ****
2020-07-05 15:38:10,544 INFO main letsCucumber - *****opening url****
2020-07-05 15:38:10,548 INFO main letsCucumber - *** user clicks on signin page***
2020-07-05 15:38:11,667 INFO main letsCucumber - ***user verify login page title***
2020-07-05 15:41:52,942 INFO main letsCucumber - *****opening url****
2020-07-05 15:41:52,958 INFO main letsCucumber - ***verifying homepage ****
2020-07-05 15:41:58,162 INFO main letsCucumber - *****opening url****
2020-07-05 15:41:58,167 INFO main letsCucumber - *** user clicks on signin page***
2020-07-05 15:42:02,373 INFO main letsCucumber - ***user verify login page title***
2020-07-05 15:45:15,191 INFO main letsCucumber - *****opening url****
2020-07-05 15:45:15,458 INFO main letsCucumber - ***verifying homepage ****
2020-07-05 15:45:21,767 INFO main letsCucumber - *****opening url****
2020-07-05 15:45:21,772 INFO main letsCucumber - *** user clicks on signin page***
2020-07-05 15:45:25,764 INFO main letsCucumber - ***user verify login page title***
2020-07-05 15:51:37,785 INFO main letsCucumber - *****opening url****
2020-07-05 15:51:37,799 INFO main letsCucumber - ***verifying homepage ****
2020-07-05 15:51:42,891 INFO main letsCucumber - *****opening url****
2020-07-05 15:51:42,896 INFO main letsCucumber - *** user clicks on signin page***
2020-07-05 15:51:47,514 INFO main letsCucumber - ***user verify login page title***
2020-07-05 16:04:46,290 INFO main letsCucumber - *****opening url****
2020-07-05 16:04:46,325 INFO main letsCucumber - ***verifying homepage ****
2020-07-05 16:39:46,281 INFO main letsCucumber - *****opening url****
2020-07-05 16:39:46,371 INFO main letsCucumber - ***verifying homepage ****
2020-07-05 16:39:49,974 INFO main letsCucumber - *****opening url****
2020-07-05 16:39:49,979 INFO main letsCucumber - *** user clicks on signin page***
2020-07-05 16:39:53,835 INFO main letsCucumber - ***user verify login page title***
2020-07-10 16:32:00,716 INFO main letsCucumber - *****opening url****
2020-07-10 16:32:00,769 INFO main letsCucumber - ***verifying homepage ****
2020-07-10 16:32:33,832 INFO main letsCucumber - *****opening url****
2020-07-10 16:32:33,851 INFO main letsCucumber - *** user clicks on signin page***
2020-07-10 16:32:37,372 INFO main letsCucumber - ***user verify login page title***
2020-07-10 16:37:37,030 INFO main letsCucumber - *****opening url****
2020-07-10 16:37:37,066 INFO main letsCucumber - ***verifying homepage ****
2020-07-10 16:37:40,558 INFO main letsCucumber - *****opening url****
2020-07-10 16:37:40,565 INFO main letsCucumber - *** user clicks on signin page***
2020-07-10 16:37:44,628 INFO main letsCucumber - ***user verify login page title***
2020-07-10 16:39:09,389 INFO main letsCucumber - *****opening url****
2020-07-10 16:39:09,501 INFO main letsCucumber - ***verifying homepage ****
2020-07-10 16:39:13,962 INFO main letsCucumber - *****opening url****
2020-07-10 16:39:13,970 INFO main letsCucumber - *** user clicks on signin page***
2020-07-10 16:39:16,592 INFO main letsCucumber - ***user verify login page title***
2020-07-11 13:43:23,945 INFO main letsCucumber - *****opening url****
2020-07-11 13:43:24,344 INFO main letsCucumber - ***verifying homepage ****
2020-07-11 13:43:39,362 INFO main letsCucumber - *****opening url****
2020-07-11 13:43:39,370 INFO main letsCucumber - *** user clicks on signin page***
2020-07-11 13:43:46,855 INFO main letsCucumber - ***user verify login page title***
2020-07-12 18:59:55,992 INFO main letsCucumber - *****opening url****
2020-07-12 18:59:56,086 INFO main letsCucumber - ***verifying homepage ****
2020-07-12 19:00:01,515 INFO main letsCucumber - *****opening url****
2020-07-12 19:00:01,521 INFO main letsCucumber - *** user clicks on signin page***
2020-07-12 19:00:05,899 INFO main letsCucumber - ***user verify login page title***
2020-07-12 20:02:43,139 INFO main letsCucumber - *****opening url****
2020-07-12 20:02:43,198 INFO main letsCucumber - ***verifying homepage ****
2020-07-12 20:02:47,359 INFO main letsCucumber - *****opening url****
2020-07-12 20:02:47,365 INFO main letsCucumber - *** user clicks on signin page***
2020-07-12 20:02:50,083 INFO main letsCucumber - ***user verify login page title***
2020-07-13 13:23:52,032 INFO main letsCucumber - *****opening url****
2020-07-13 13:23:52,069 INFO main letsCucumber - ***verifying homepage ****
2020-07-13 13:24:04,407 INFO main letsCucumber - *****opening url****
2020-07-13 13:24:04,413 INFO main letsCucumber - *** user clicks on signin page***
2020-07-13 13:24:23,590 INFO main letsCucumber - ***user verify login page title***
2020-07-13 16:07:30,636 INFO main letsCucumber - *****opening url****
2020-07-13 16:07:30,686 INFO main letsCucumber - ***verifying homepage ****
2020-07-13 16:07:37,092 INFO main letsCucumber - *****opening url****
2020-07-13 16:07:37,096 INFO main letsCucumber - *** user clicks on signin page***
2020-07-13 16:07:42,444 INFO main letsCucumber - ***user verify login page title***
2020-07-15 15:00:36,344 INFO main letsCucumber - *****opening url****
2020-07-15 15:00:36,448 INFO main letsCucumber - ***verifying homepage ****
2020-07-15 15:00:46,162 INFO main letsCucumber - *****opening url****
2020-07-15 15:00:46,166 INFO main letsCucumber - *** user clicks on signin page***
2020-07-15 15:00:49,570 INFO main letsCucumber - ***user verify login page title***
2020-07-15 15:01:07,211 INFO main letsCucumber - *****opening url****
2020-07-15 15:01:07,215 INFO main letsCucumber - *** user clicks on signin page***
2020-07-15 15:06:20,322 INFO main letsCucumber - *****opening url****
2020-07-15 15:06:20,350 INFO main letsCucumber - ***verifying homepage ****
2020-07-15 15:06:24,760 INFO main letsCucumber - *****opening url****
2020-07-15 15:06:24,768 INFO main letsCucumber - *** user clicks on signin page***
2020-07-15 15:06:31,196 INFO main letsCucumber - ***user verify login page title***
2020-07-15 15:06:47,049 INFO main letsCucumber - *****opening url****
2020-07-15 15:06:47,051 INFO main letsCucumber - *** user clicks on signin page***
2020-07-15 15:09:24,078 INFO main letsCucumber - *****opening url****
2020-07-15 15:09:24,090 INFO main letsCucumber - ***verifying homepage ****
2020-07-15 15:09:28,008 INFO main letsCucumber - *****opening url****
2020-07-15 15:09:28,016 INFO main letsCucumber - *** user clicks on signin page***
2020-07-15 15:09:33,790 INFO main letsCucumber - ***user verify login page title***
2020-07-15 15:33:50,165 INFO main letsCucumber - *****opening url****
2020-07-15 15:33:50,217 INFO main letsCucumber - ***verifying homepage ****
2020-07-15 15:33:51,853 INFO main letsCucumber - *** user clicks on signin page***
2020-07-15 15:33:57,399 INFO main letsCucumber - ***user verify login page title***
2020-07-15 19:26:55,918 INFO main letsCucumber - *****opening url****
2020-07-15 19:26:55,969 INFO main letsCucumber - ***verifying homepage ****
2020-07-15 19:26:56,738 INFO main letsCucumber - *** user clicks on signin page***
2020-07-15 19:27:00,873 INFO main letsCucumber - ***user verify login page title***
2020-07-15 19:27:03,842 INFO main letsCucumber - *** user enters username***
2020-07-15 19:27:06,461 INFO main letsCucumber - *** user checks error invalid username message***
2020-07-15 19:27:10,406 INFO main letsCucumber - *****opening url****
2020-07-15 19:27:10,409 INFO main letsCucumber - ***verifying homepage ****
2020-07-15 19:27:11,594 INFO main letsCucumber - *** user clicks on signin page***
2020-07-15 19:27:16,945 INFO main letsCucumber - ***user verify login page title***
2020-07-15 19:27:19,562 INFO main letsCucumber - *** user enters username***
2020-07-15 19:27:23,183 INFO main letsCucumber - *** user enters password***
2020-07-15 19:27:25,296 INFO main letsCucumber - *** user clicks on login button***
2020-07-15 19:27:25,475 INFO main letsCucumber - *** user checks invalid password message***
2020-07-15 19:27:25,476 INFO main letsCucumber - *** user close browser***
2020-07-16 16:46:13,890 INFO main letsCucumber - *****opening url****
2020-07-16 16:46:13,967 INFO main letsCucumber - ***verifying homepage ****
2020-07-16 16:46:15,139 INFO main letsCucumber - *** user clicks on signin page***
2020-07-16 16:46:23,103 INFO main letsCucumber - ***user verify login page title***
2020-07-16 16:46:26,095 INFO main letsCucumber - *** user enters username***
2020-07-16 16:46:28,934 INFO main letsCucumber - *** user checks error invalid username message***
2020-07-16 16:46:33,930 INFO main letsCucumber - *****opening url****
2020-07-16 16:46:33,933 INFO main letsCucumber - ***verifying homepage ****
2020-07-16 16:46:34,650 INFO main letsCucumber - *** user clicks on signin page***
2020-07-16 16:46:38,694 INFO main letsCucumber - ***user verify login page title***
2020-07-16 16:46:41,306 INFO main letsCucumber - *** user enters username***
2020-07-16 16:46:45,217 INFO main letsCucumber - *** user enters password***
2020-07-16 16:46:47,167 INFO main letsCucumber - *** user clicks on login button***
2020-07-16 16:46:47,322 INFO main letsCucumber - *** user checks invalid password message***
2020-07-16 16:46:47,324 INFO main letsCucumber - *** user close browser***
2020-07-16 17:38:46,882 INFO main letsCucumber - *** user close browser***
2020-07-16 17:38:47,127 INFO main letsCucumber - *** user close browser***
2020-07-16 17:41:33,349 INFO main letsCucumber - *** user close browser***
2020-07-16 17:41:34,235 INFO main letsCucumber - *** user close browser***
2020-07-16 17:46:27,088 INFO main letsCucumber - *** user close browser***
2020-07-16 17:46:27,769 INFO main letsCucumber - *** user close browser***
2020-07-16 17:48:20,294 INFO main letsCucumber - *** user close browser***
2020-07-16 17:48:21,000 INFO main letsCucumber - *** user close browser***
2020-07-16 17:49:02,707 INFO main letsCucumber - *** user close browser***
2020-07-16 17:49:03,346 INFO main letsCucumber - *** user close browser***
2020-07-16 18:03:59,492 INFO main letsCucumber - *** user close browser***
2020-07-16 18:04:00,139 INFO main letsCucumber - *** user close browser***
2020-07-16 18:16:00,080 INFO main letsCucumber - *****opening url****
2020-07-16 18:16:00,294 INFO main letsCucumber - ***verifying homepage ****
2020-07-16 18:16:02,035 INFO main letsCucumber - *** user clicks on signin page***
2020-07-16 18:16:07,929 INFO main letsCucumber - ***user verify login page title***
2020-07-16 18:16:10,716 INFO main letsCucumber - *** user enters username***
2020-07-16 18:16:14,002 INFO main letsCucumber - *** user checks error invalid username message***
2020-07-16 18:16:30,881 INFO main letsCucumber - *****opening url****
2020-07-16 18:16:30,884 INFO main letsCucumber - ***verifying homepage ****
2020-07-16 18:16:31,866 INFO main letsCucumber - *** user clicks on signin page***
2020-07-16 18:16:36,715 INFO main letsCucumber - ***user verify login page title***
2020-07-16 18:16:39,366 INFO main letsCucumber - *** user enters username***
2020-07-16 18:16:44,126 INFO main letsCucumber - *** user enters password***
2020-07-16 18:16:45,867 INFO main letsCucumber - *** user clicks on login button***
2020-07-16 18:16:46,091 INFO main letsCucumber - *** user checks invalid password message***
2020-07-16 18:25:02,831 INFO main letsCucumber - *****opening url****
2020-07-16 18:25:02,986 INFO main letsCucumber - ***verifying homepage ****
2020-07-16 18:25:04,082 INFO main letsCucumber - *** user clicks on signin page***
2020-07-16 18:25:07,236 INFO main letsCucumber - ***user verify login page title***
2020-07-16 18:25:09,993 INFO main letsCucumber - *** user enters username***
2020-07-16 18:25:12,463 INFO main letsCucumber - *** user checks error invalid username message***
2020-07-16 18:25:12,464 INFO main letsCucumber - *** user close browser***
2020-07-16 18:25:21,830 INFO main letsCucumber - *****opening url****
2020-07-16 18:25:21,833 INFO main letsCucumber - ***verifying homepage ****
2020-07-16 18:25:23,099 INFO main letsCucumber - *** user clicks on signin page***
2020-07-16 18:25:26,737 INFO main letsCucumber - ***user verify login page title***
2020-07-16 18:25:29,378 INFO main letsCucumber - *** user enters username***
2020-07-16 18:25:34,253 INFO main letsCucumber - *** user enters password***
2020-07-16 18:25:36,076 INFO main letsCucumber - *** user clicks on login button***
2020-07-16 18:25:36,298 INFO main letsCucumber - *** user checks invalid password message***
2020-07-16 18:25:36,299 INFO main letsCucumber - *** user close browser***
